[debug] [2020-11-04T20:44:52.155Z] ----------------------------------------------------------------------
[debug] [2020-11-04T20:44:52.157Z] Command:       /usr/local/bin/node /usr/local/bin/firebase emulators:start
[debug] [2020-11-04T20:44:52.157Z] CLI Version:   8.10.0
[debug] [2020-11-04T20:44:52.157Z] Platform:      darwin
[debug] [2020-11-04T20:44:52.157Z] Node Version:  v14.15.0
[debug] [2020-11-04T20:44:52.158Z] Time:          Wed Nov 04 2020 15:44:52 GMT-0500 (Eastern Standard Time)
[debug] [2020-11-04T20:44:52.159Z] ----------------------------------------------------------------------
[debug] [2020-11-04T20:44:52.159Z] 
[debug] [2020-11-04T20:44:52.164Z] > command requires scopes: ["email","openid","https://www.googleapis.com/auth/cloudplatformprojects.readonly","https://www.googleapis.com/auth/firebase","https://www.googleapis.com/auth/cloud-platform"]
[debug] [2020-11-04T20:44:52.164Z] > authorizing via signed-in user
[info] i  emulators: Starting emulators: functions, hosting {"metadata":{"emulator":{"name":"hub"},"message":"Starting emulators: functions, hosting"}}
[debug] [2020-11-04T20:44:52.184Z] [hub] writing locator at /var/folders/rw/7fqdy_mn34jbkl4z3r3gphqc0000gn/T/hub-clone-7b53f.json
[warn] ⚠  functions: The following emulators are not running, calls to these services from the Functions emulator will affect production: firestore, database, pubsub {"metadata":{"emulator":{"name":"functions"},"message":"The following emulators are not running, calls to these services from the Functions emulator will affect production: \u001b[1mfirestore, database, pubsub\u001b[22m"}}
[warn] ⚠  Your requested "node" version "10" doesn't match your global version "14" {"metadata":{"emulator":{"name":"functions"},"message":"Your requested \"node\" version \"10\" doesn't match your global version \"14\""}}
[debug] [2020-11-04T20:44:52.210Z] defaultcredentials: writing to file /Users/andrewnwachuku/.config/firebase/andrew_nwachuku_gmail.com_application_default_credentials.json
[debug] [2020-11-04T20:44:52.215Z] Setting GAC to /Users/andrewnwachuku/.config/firebase/andrew_nwachuku_gmail.com_application_default_credentials.json {"metadata":{"emulator":{"name":"functions"},"message":"Setting GAC to /Users/andrewnwachuku/.config/firebase/andrew_nwachuku_gmail.com_application_default_credentials.json"}}
[debug] [2020-11-04T20:44:52.224Z] >>> HTTP REQUEST GET https://firebase.googleapis.com/v1beta1/projects/clone-7b53f/webApps/-/config  
 
[debug] [2020-11-04T20:44:52.724Z] <<< HTTP RESPONSE 200 {"content-type":"application/json; charset=UTF-8","vary":"X-Origin, Referer, Origin,Accept-Encoding","date":"Wed, 04 Nov 2020 20:44:52 GMT","server":"ESF","cache-control":"private","x-xss-protection":"0","x-frame-options":"SAMEORIGIN","x-content-type-options":"nosniff","alt-svc":"h3-Q050=\":443\"; ma=2592000,h3-29=\":443\"; ma=2592000,h3-T051=\":443\"; ma=2592000,h3-T050=\":443\"; ma=2592000,h3-Q046=\":443\"; ma=2592000,h3-Q043=\":443\"; ma=2592000,quic=\":443\"; ma=2592000; v=\"46,43\"","accept-ranges":"none","transfer-encoding":"chunked"}
[info] i  hosting: Serving hosting files from: build {"metadata":{"emulator":{"name":"hosting"},"message":"Serving hosting files from: \u001b[1mbuild\u001b[22m"}}
[info] ✔  hosting: Local server: http://localhost:5000 {"metadata":{"emulator":{"name":"hosting"},"message":"Local server: \u001b[4m\u001b[1mhttp://localhost:5000\u001b[22m\u001b[24m"}}
[debug] [2020-11-04T20:44:53.020Z] Ignoring unsupported arg: auto_download {"metadata":{"emulator":{"name":"ui"},"message":"Ignoring unsupported arg: auto_download"}}
[debug] [2020-11-04T20:44:53.020Z] Ignoring unsupported arg: port {"metadata":{"emulator":{"name":"ui"},"message":"Ignoring unsupported arg: port"}}
[debug] [2020-11-04T20:44:53.020Z] Starting Emulator UI with command {"binary":"node","args":["/Users/andrewnwachuku/.cache/firebase/emulators/ui-v1.1.1/server.bundle.js"],"optionalArgs":[],"joinArgs":false} {"metadata":{"emulator":{"name":"ui"},"message":"Starting Emulator UI with command {\"binary\":\"node\",\"args\":[\"/Users/andrewnwachuku/.cache/firebase/emulators/ui-v1.1.1/server.bundle.js\"],\"optionalArgs\":[],\"joinArgs\":false}"}}
[info] i  ui: Emulator UI logging to ui-debug.log {"metadata":{"emulator":{"name":"ui"},"message":"Emulator UI logging to \u001b[1mui-debug.log\u001b[22m"}}
[debug] [2020-11-04T20:44:53.108Z] Web / API server started at http://localhost:4000
 {"metadata":{"emulator":{"name":"ui"},"message":"Web / API server started at http://localhost:4000\n"}}
[info] i  functions: Watching "/Users/andrewnwachuku/Desktop/code/allprojects/clones/amazon-clone/functions" for Cloud Functions... {"metadata":{"emulator":{"name":"functions"},"message":"Watching \"/Users/andrewnwachuku/Desktop/code/allprojects/clones/amazon-clone/functions\" for Cloud Functions..."}}
[debug] [2020-11-04T20:44:53.294Z] [worker-pool] addWorker(~diagnostic~) {"metadata":{"emulator":{"name":"functions"},"message":"[worker-pool] addWorker(~diagnostic~)"}}
[debug] [2020-11-04T20:44:53.294Z] [worker-pool] Adding worker with key ~diagnostic~, total=1 {"metadata":{"emulator":{"name":"functions"},"message":"[worker-pool] Adding worker with key ~diagnostic~, total=1"}}
[debug] [2020-11-04T20:44:53.294Z] [worker-pool] submitWork(triggerId=) {"metadata":{"emulator":{"name":"functions"},"message":"[worker-pool] submitWork(triggerId=)"}}
[debug] [2020-11-04T20:44:53.295Z] [worker-~diagnostic~-5a2654a6-8667-4497-bf18-55ea7c3e7d7d]: Assigning socketPath: /var/folders/rw/7fqdy_mn34jbkl4z3r3gphqc0000gn/T/fire_emu_74305.sock {"metadata":{"emulator":{"name":"functions"},"message":"[worker-~diagnostic~-5a2654a6-8667-4497-bf18-55ea7c3e7d7d]: Assigning socketPath: /var/folders/rw/7fqdy_mn34jbkl4z3r3gphqc0000gn/T/fire_emu_74305.sock"}}
[debug] [2020-11-04T20:44:53.295Z] [worker-~diagnostic~-5a2654a6-8667-4497-bf18-55ea7c3e7d7d]: BUSY {"metadata":{"emulator":{"name":"functions"},"message":"[worker-~diagnostic~-5a2654a6-8667-4497-bf18-55ea7c3e7d7d]: BUSY"}}
[debug] [2020-11-04T20:44:53.515Z] [runtime-status] [74305] Functions runtime initialized. {"cwd":"/Users/andrewnwachuku/Desktop/code/allprojects/clones/amazon-clone/functions","node_version":"14.15.0"} {"metadata":{"emulator":{"name":"functions"},"message":"[runtime-status] [74305] Functions runtime initialized. {\"cwd\":\"/Users/andrewnwachuku/Desktop/code/allprojects/clones/amazon-clone/functions\",\"node_version\":\"14.15.0\"}"}}
[debug] [2020-11-04T20:44:53.516Z] [runtime-status] [74305] Disabled runtime features: undefined {"metadata":{"emulator":{"name":"functions"},"message":"[runtime-status] [74305] Disabled runtime features: undefined"}}
[debug] [2020-11-04T20:44:53.518Z] [runtime-status] [74305] Resolved module firebase-admin {"declared":true,"installed":true,"version":"8.13.0","resolution":"/Users/andrewnwachuku/Desktop/code/allprojects/clones/amazon-clone/functions/node_modules/firebase-admin/lib/index.js"} {"metadata":{"emulator":{"name":"functions"},"message":"[runtime-status] [74305] Resolved module firebase-admin {\"declared\":true,\"installed\":true,\"version\":\"8.13.0\",\"resolution\":\"/Users/andrewnwachuku/Desktop/code/allprojects/clones/amazon-clone/functions/node_modules/firebase-admin/lib/index.js\"}"}}
[debug] [2020-11-04T20:44:53.518Z] [runtime-status] [74305] Resolved module firebase-functions {"declared":true,"installed":true,"version":"3.11.0","resolution":"/Users/andrewnwachuku/Desktop/code/allprojects/clones/amazon-clone/functions/node_modules/firebase-functions/lib/index.js"} {"metadata":{"emulator":{"name":"functions"},"message":"[runtime-status] [74305] Resolved module firebase-functions {\"declared\":true,\"installed\":true,\"version\":\"3.11.0\",\"resolution\":\"/Users/andrewnwachuku/Desktop/code/allprojects/clones/amazon-clone/functions/node_modules/firebase-functions/lib/index.js\"}"}}
[debug] [2020-11-04T20:44:53.519Z] [runtime-status] [74305] Found local functions config: /Users/andrewnwachuku/Desktop/code/allprojects/clones/amazon-clone/functions/.runtimeconfig.json {"metadata":{"emulator":{"name":"functions"},"message":"[runtime-status] [74305] Found local functions config: /Users/andrewnwachuku/Desktop/code/allprojects/clones/amazon-clone/functions/.runtimeconfig.json"}}
[debug] [2020-11-04T20:44:53.520Z] [runtime-status] [74305] Resolved module firebase-functions {"declared":true,"installed":true,"version":"3.11.0","resolution":"/Users/andrewnwachuku/Desktop/code/allprojects/clones/amazon-clone/functions/node_modules/firebase-functions/lib/index.js"} {"metadata":{"emulator":{"name":"functions"},"message":"[runtime-status] [74305] Resolved module firebase-functions {\"declared\":true,\"installed\":true,\"version\":\"3.11.0\",\"resolution\":\"/Users/andrewnwachuku/Desktop/code/allprojects/clones/amazon-clone/functions/node_modules/firebase-functions/lib/index.js\"}"}}
[debug] [2020-11-04T20:44:53.521Z] [runtime-status] [74305] Outgoing network have been stubbed. [{"name":"http","status":"mocked"},{"name":"http","status":"mocked"},{"name":"https","status":"mocked"},{"name":"https","status":"mocked"},{"name":"net","status":"mocked"}] {"metadata":{"emulator":{"name":"functions"},"message":"[runtime-status] [74305] Outgoing network have been stubbed. [{\"name\":\"http\",\"status\":\"mocked\"},{\"name\":\"http\",\"status\":\"mocked\"},{\"name\":\"https\",\"status\":\"mocked\"},{\"name\":\"https\",\"status\":\"mocked\"},{\"name\":\"net\",\"status\":\"mocked\"}]"}}
[debug] [2020-11-04T20:44:53.522Z] [runtime-status] [74305] Resolved module firebase-functions {"declared":true,"installed":true,"version":"3.11.0","resolution":"/Users/andrewnwachuku/Desktop/code/allprojects/clones/amazon-clone/functions/node_modules/firebase-functions/lib/index.js"} {"metadata":{"emulator":{"name":"functions"},"message":"[runtime-status] [74305] Resolved module firebase-functions {\"declared\":true,\"installed\":true,\"version\":\"3.11.0\",\"resolution\":\"/Users/andrewnwachuku/Desktop/code/allprojects/clones/amazon-clone/functions/node_modules/firebase-functions/lib/index.js\"}"}}
[debug] [2020-11-04T20:44:53.549Z] [runtime-status] [74305] Checked functions.config() {"config":{"stripe":{"secret":"sk_test_51HGmcnIK6mpZFziT2oqxnVudPSccWRnJJ1TYepQ66bA1zYPZB1m7gmBnkoZ0Niesrknnvo4at5oc5V2sRoSPTRQN00SbTMPNkN"}}} {"metadata":{"emulator":{"name":"functions"},"message":"[runtime-status] [74305] Checked functions.config() {\"config\":{\"stripe\":{\"secret\":\"sk_test_51HGmcnIK6mpZFziT2oqxnVudPSccWRnJJ1TYepQ66bA1zYPZB1m7gmBnkoZ0Niesrknnvo4at5oc5V2sRoSPTRQN00SbTMPNkN\"}}}"}}
[debug] [2020-11-04T20:44:53.549Z] [runtime-status] [74305] firebase-functions has been stubbed. {"functionsResolution":{"declared":true,"installed":true,"version":"3.11.0","resolution":"/Users/andrewnwachuku/Desktop/code/allprojects/clones/amazon-clone/functions/node_modules/firebase-functions/lib/index.js"}} {"metadata":{"emulator":{"name":"functions"},"message":"[runtime-status] [74305] firebase-functions has been stubbed. {\"functionsResolution\":{\"declared\":true,\"installed\":true,\"version\":\"3.11.0\",\"resolution\":\"/Users/andrewnwachuku/Desktop/code/allprojects/clones/amazon-clone/functions/node_modules/firebase-functions/lib/index.js\"}}"}}
[debug] [2020-11-04T20:44:53.550Z] [runtime-status] [74305] Resolved module firebase-functions {"declared":true,"installed":true,"version":"3.11.0","resolution":"/Users/andrewnwachuku/Desktop/code/allprojects/clones/amazon-clone/functions/node_modules/firebase-functions/lib/index.js"} {"metadata":{"emulator":{"name":"functions"},"message":"[runtime-status] [74305] Resolved module firebase-functions {\"declared\":true,\"installed\":true,\"version\":\"3.11.0\",\"resolution\":\"/Users/andrewnwachuku/Desktop/code/allprojects/clones/amazon-clone/functions/node_modules/firebase-functions/lib/index.js\"}"}}
[debug] [2020-11-04T20:44:53.551Z] [runtime-status] [74305] Resolved module firebase-admin {"declared":true,"installed":true,"version":"8.13.0","resolution":"/Users/andrewnwachuku/Desktop/code/allprojects/clones/amazon-clone/functions/node_modules/firebase-admin/lib/index.js"} {"metadata":{"emulator":{"name":"functions"},"message":"[runtime-status] [74305] Resolved module firebase-admin {\"declared\":true,\"installed\":true,\"version\":\"8.13.0\",\"resolution\":\"/Users/andrewnwachuku/Desktop/code/allprojects/clones/amazon-clone/functions/node_modules/firebase-admin/lib/index.js\"}"}}
[debug] [2020-11-04T20:44:53.551Z] [runtime-status] [74305] Resolved module firebase-functions {"declared":true,"installed":true,"version":"3.11.0","resolution":"/Users/andrewnwachuku/Desktop/code/allprojects/clones/amazon-clone/functions/node_modules/firebase-functions/lib/index.js"} {"metadata":{"emulator":{"name":"functions"},"message":"[runtime-status] [74305] Resolved module firebase-functions {\"declared\":true,\"installed\":true,\"version\":\"3.11.0\",\"resolution\":\"/Users/andrewnwachuku/Desktop/code/allprojects/clones/amazon-clone/functions/node_modules/firebase-functions/lib/index.js\"}"}}
[debug] [2020-11-04T20:44:53.551Z] [runtime-status] [74305] firebase-admin has been stubbed. {"adminResolution":{"declared":true,"installed":true,"version":"8.13.0","resolution":"/Users/andrewnwachuku/Desktop/code/allprojects/clones/amazon-clone/functions/node_modules/firebase-admin/lib/index.js"}} {"metadata":{"emulator":{"name":"functions"},"message":"[runtime-status] [74305] firebase-admin has been stubbed. {\"adminResolution\":{\"declared\":true,\"installed\":true,\"version\":\"8.13.0\",\"resolution\":\"/Users/andrewnwachuku/Desktop/code/allprojects/clones/amazon-clone/functions/node_modules/firebase-admin/lib/index.js\"}}"}}
[info] ✔  functions[api]: http function initialized (http://localhost:5001/clone-7b53f/us-central1/api). {"metadata":{"emulator":{"name":"functions"},"message":"\u001b[1mhttp\u001b[22m function initialized (http://localhost:5001/clone-7b53f/us-central1/api)."}}
[info] 
┌───────────────────────────────────────────────────────────────────────┐
│ ✔  All emulators ready! View status and logs at http://localhost:4000 │
└───────────────────────────────────────────────────────────────────────┘

┌───────────┬────────────────┬─────────────────────────────────┐
│ Emulator  │ Host:Port      │ View in Emulator UI             │
├───────────┼────────────────┼─────────────────────────────────┤
│ Functions │ localhost:5001 │ http://localhost:4000/functions │
├───────────┼────────────────┼─────────────────────────────────┤
│ Hosting   │ localhost:5000 │ n/a                             │
└───────────┴────────────────┴─────────────────────────────────┘
  Other reserved ports: 4400, 4500

Issues? Report them at https://github.com/firebase/firebase-tools/issues and attach the *-debug.log files.
 
[debug] [2020-11-04T20:44:53.636Z] [worker-~diagnostic~-5a2654a6-8667-4497-bf18-55ea7c3e7d7d]: IDLE {"metadata":{"emulator":{"name":"functions"},"message":"[worker-~diagnostic~-5a2654a6-8667-4497-bf18-55ea7c3e7d7d]: IDLE"}}
